MATLAB is selecting SOFTWARE OPENGL rendering.

                            < M A T L A B (R) >
                  Copyright 1984-2014 The MathWorks, Inc.
                   R2014b (8.4.0.150421) 64-bit (glnxa64)
                             September 15, 2014

 
To get started, type one of these: helpwin, helpdesk, or demo.
For product information, visit www.mathworks.com.
 
>> >> >> >> >> >> >> >> >> >> >> >> >> >> >> >> >> 
datasets = 

    {1x5 cell}

>> >> >> start read data
Elapsed time is 39.956962 seconds.
Read data completed!
     4500000          18

     4500000           1

      500000          18

      500000           1

Current Time: 2017     2    24    15     2    26
round: 1, tol: 0.010000 .
Accuracy = 100% (500000/500000)
Elapsed time is 720.641038 seconds.
Accuracy = 100% (500000/500000)
Elapsed time is 767.463881 seconds.
Accuracy = 100% (500000/500000)
Elapsed time is 2767.749312 seconds.
Accuracy = 100% (500000/500000)
Elapsed time is 854.009036 seconds.
Elapsed time is 0.000393 seconds.
Elapsed time is 178.262316 seconds.
Elapsed time is 0.000002 seconds.
Elapsed time is 183.757681 seconds.
Elapsed time is 0.002105 seconds.
Elapsed time is 0.004035 seconds.
Elapsed time is 0.000002 seconds.
Elapsed time is 0.000000 seconds.
Elapsed time is 0.001401 seconds.
Elapsed time is 184.091000 seconds.
Current Time: 2017     2    24    16    36    42
round: 1, tol: 0.001000 .
Accuracy = 100% (500000/500000)
Elapsed time is 822.033922 seconds.
Accuracy = 100% (500000/500000)
Elapsed time is 870.705456 seconds.
Accuracy = 100% (500000/500000)
Elapsed time is 2715.126043 seconds.
Accuracy = 100% (500000/500000)
Elapsed time is 820.054816 seconds.
Elapsed time is 0.000050 seconds.
Elapsed time is 184.607667 seconds.
Elapsed time is 0.000001 seconds.
Elapsed time is 184.269149 seconds.
Elapsed time is 0.000056 seconds.
Elapsed time is 0.000051 seconds.
Elapsed time is 0.000001 seconds.
Elapsed time is 0.000000 seconds.
Elapsed time is 0.000023 seconds.
Elapsed time is 183.695748 seconds.
Current Time: 2017     2    24    18    13     4
round: 1, tol: 0.100000 .
Accuracy = 100% (500000/500000)
Elapsed time is 829.993643 seconds.
Accuracy = 100% (500000/500000)
Elapsed time is 820.178575 seconds.
Accuracy = 100% (500000/500000)
Elapsed time is 2684.380492 seconds.
Accuracy = 100% (500000/500000)
Elapsed time is 830.465912 seconds.
Elapsed time is 0.000049 seconds.
Elapsed time is 181.084337 seconds.
Elapsed time is 0.000001 seconds.
Elapsed time is 179.660800 seconds.
Elapsed time is 0.000058 seconds.
Elapsed time is 0.000039 seconds.
Elapsed time is 0.000002 seconds.
Elapsed time is 0.000001 seconds.
Elapsed time is 0.000018 seconds.
Elapsed time is 180.744508 seconds.
Current Time: 2017     2    24    19    48    11
round: 1, tol: 0.010000 .
Accuracy = 100% (500000/500000)
Elapsed time is 866.249555 seconds.
Accuracy = 100% (500000/500000)
Elapsed time is 768.712910 seconds.
Accuracy = 100% (500000/500000)
Elapsed time is 2844.314234 seconds.
Accuracy = 100% (500000/500000)
Elapsed time is 859.292698 seconds.
Elapsed time is 0.000048 seconds.
Elapsed time is 187.776573 seconds.
Elapsed time is 0.000002 seconds.
Elapsed time is 187.943809 seconds.
Elapsed time is 0.000050 seconds.
Elapsed time is 0.000043 seconds.
Elapsed time is 0.000002 seconds.
Elapsed time is 0.000001 seconds.
Elapsed time is 0.000021 seconds.
Elapsed time is 185.906504 seconds.
>> 